[2018-03-21T18:24:12.294] [ERROR] cheese - 错误:/index?ioio=12请求页面错误！
[2018-03-21T18:24:37.091] [ERROR] cheese - 错误:/index?ioio=12请求页面错误！
[2018-03-21T18:34:33.551] [ERROR] cheese - 错误:/index?ioio=12请求页面错误！
[2018-03-21T18:34:48.811] [ERROR] cheese - 错误:/index?ioio=12请求页面错误！
[2018-03-22T10:02:56.618] [ERROR] cheese - 错误:/121请求页面错误！
[2018-03-22T13:01:56.677] [ERROR] cheese - 错误:/index/error请求页面错误！
[2018-03-22T13:02:53.510] [ERROR] cheese - 错误:/index/error请求页面错误！
[2018-03-22T13:03:13.061] [ERROR] cheese - 错误:/index/error请求页面错误！
[2018-03-22T13:04:28.070] [ERROR] cheese - 错误:/index/error请求页面错误！
[2018-03-22T13:04:51.149] [ERROR] cheese - 错误:/index/error请求页面错误！
[2018-03-22T13:06:48.459] [ERROR] cheese - 错误:/index/error请求页面错误！
[2018-03-22T13:08:29.818] [ERROR] cheese - 错误:/index/error请求页面错误！
[2018-03-28T19:51:37.321] [ERROR] cheese - 错误:/请求页面错误！
[2018-03-28T19:51:37.770] [ERROR] cheese - 错误:/favicon.ico请求页面错误！
[2018-03-28T21:16:16.732] [ERROR] cheese - 错误:/请求页面错误！
[2018-03-28T21:16:22.727] [ERROR] cheese - 错误:/user请求页面错误！
[2018-03-28T21:17:20.475] [ERROR] cheese - 错误:/1212请求页面错误！
[2018-03-28T21:29:39.674] [ERROR] cheese - 错误:/hel请求页面错误！
[2018-03-28T21:33:07.144] [ERROR] cheese - 错误:/hello请求页面错误！
[2018-03-28T21:33:15.311] [ERROR] cheese - 错误:/hello请求页面错误！
[2018-03-28T21:33:17.615] [ERROR] cheese - 错误:/hello请求页面错误！
[2018-03-28T21:33:23.057] [ERROR] cheese - 错误:/hello请求页面错误！
[2018-03-28T23:51:36.220] [ERROR] cheese - 错误:/index请求页面错误！
[2018-03-28T23:51:38.989] [ERROR] cheese - 错误:/index请求页面错误！
[2018-03-28T23:59:49.403] [ERROR] cheese - 错误:/user/12请求页面错误！
[2018-03-28T23:59:51.945] [ERROR] cheese - 错误:/user/12请求页面错误！
[2018-03-29T00:00:07.727] [ERROR] cheese - 错误:/user/12请求页面错误！
[2018-03-29T00:00:09.944] [ERROR] cheese - 错误:/user/12请求页面错误！
[2018-03-29T00:01:10.162] [ERROR] cheese - 错误:/user/12请求页面错误！
[2018-03-29T00:01:13.050] [ERROR] cheese - 错误:/user/12请求页面错误！
[2018-03-29T00:01:31.436] [ERROR] cheese - 错误:/user/12请求页面错误！
[2018-03-29T00:02:51.144] [ERROR] cheese - 错误:/user/12请求页面错误！
[2018-03-29T00:02:53.689] [ERROR] cheese - 错误:/user/12请求页面错误！
[2018-03-29T00:03:24.702] [ERROR] cheese - 错误:/user/12请求页面错误！
[2018-03-29T00:03:26.238] [ERROR] cheese - 错误:/user/12请求页面错误！
[2018-03-29T00:05:23.874] [ERROR] cheese - 错误:/user/12请求页面错误！
[2018-03-29T00:05:51.594] [ERROR] cheese - 错误:/user/12请求页面错误！
[2018-03-29T00:06:11.310] [ERROR] cheese - 错误:/user请求页面错误！
[2018-03-29T00:06:16.350] [ERROR] cheese - 错误:/user/1234请求页面错误！
[2018-03-29T00:07:22.915] [ERROR] cheese - 错误:/user/1234请求页面错误！
[2018-03-29T00:07:24.874] [ERROR] cheese - 错误:/user/1234请求页面错误！
[2018-03-29T00:07:27.301] [ERROR] cheese - 错误:/user/1234请求页面错误！
[2018-03-29T19:06:30.076] [ERROR] cheese - 错误:/favicon.ico请求页面错误！
[2018-03-29T19:26:58.888] [ERROR] cheese - 错误:/user/12请求页面错误！
[2018-04-10T17:01:37.375] [ERROR] cheese - 错误:/请求页面错误！
[2018-04-10T17:01:38.420] [ERROR] cheese - 错误:/favicon.ico请求页面错误！
[2018-04-10T17:01:42.345] [ERROR] cheese - 错误:/index/index请求页面错误！
[2018-04-10T17:02:08.113] [ERROR] cheese - 错误:/index/hello请求页面错误！
[2018-04-10T17:02:09.429] [ERROR] cheese - 错误:/index/hello请求页面错误！
[2018-04-10T17:02:25.771] [ERROR] cheese - 错误:/user请求页面错误！
[2018-04-10T17:02:45.414] [ERROR] cheese - 错误:/请求页面错误！
[2018-04-10T17:34:26.225] [ERROR] cheese - 错误:/请求页面错误！
[2018-04-10T17:50:52.413] [ERROR] cheese - 错误:/请求页面错误！
[2018-04-10T18:30:44.842] [ERROR] cheese - 错误:/请求页面错误！
[2018-04-23T18:05:29.860] [ERROR] cheese - 错误:/请求页面错误！
[2018-04-23T18:05:30.418] [ERROR] cheese - 错误:/favicon.ico请求页面错误！
[2018-04-23T18:05:35.366] [ERROR] cheese - 错误:/users请求页面错误！
[2018-04-24T14:08:54.902] [ERROR] cheese - 错误:/favicon.ico请求页面错误！
[2018-04-24T14:08:57.387] [ERROR] cheese - 错误:/请求页面错误！
[2018-04-24T14:08:59.208] [ERROR] cheese - 错误:/请求页面错误！
[2018-04-24T12:23:49.316] [ERROR] cheese - 错误:/请求页面错误！
[2018-04-24T12:24:02.182] [ERROR] cheese - 错误:/user/1请求页面错误！
[2018-04-24T12:28:01.109] [ERROR] cheese - 错误:/favicon.ico请求页面错误！
[2018-04-24T12:28:04.750] [ERROR] cheese - 错误:/favicon.ico请求页面错误！
[2018-04-24T12:28:06.987] [ERROR] cheese - 错误:/请求页面错误！
[2018-04-24T12:51:21.776] [ERROR] cheese - 错误:/index/error请求页面错误！
[2018-04-24T12:53:44.155] [ERROR] cheese - 错误:/message/notfound请求页面错误！
[2018-04-24T12:55:03.686] [ERROR] cheese - 错误:/message/notfound请求页面错误！
[2018-04-24T12:56:34.458] [ERROR] cheese - 错误:/users请求页面错误！
[2018-04-24T12:57:26.055] [ERROR] cheese - 错误:/message/notfound请求页面错误！
[2018-04-24T13:01:18.750] [ERROR] cheese - 错误:/message/notfound请求页面错误！
[2018-04-24T13:02:08.243] [ERROR] cheese - 错误:/message/notfound请求页面错误！
